<?xml version="1.0" encoding="UTF-8"?>
<!-- Generated by org.testng.reporters.JUnitReportReporter -->
<testsuite hostname="HORNET" failures="0" tests="1" name="Interview.ExistingUserLoginTest" time="6.910" errors="0" timestamp="2023-04-11T14:37:08 AEST" skipped="0">
  <testcase classname="Interview.ExistingUserLoginTest" name="Login" time="6.910"/>
  <system-out/>
</testsuite> <!-- Interview.ExistingUserLoginTest -->
